Parameters: bodunjo855@gmail.com rootttt          
Function name: auth
Response text: {"error":"Failed password"}
Date: Sat, 06 May 2017 18:39:19 +0300
----------------------------------------------------------
Parameters: bodunjo855@gmail.com rootttt          
Function name: auth
Response text: {"error":"Failed password"}
Date: Sat, 06 May 2017 18:39:19 +0300
----------------------------------------------------------
Parameters: bodunjo855@gmail.com rootttt          
Function name: auth
Response text: "Failed password"
Date: Sat, 06 May 2017 18:39:49 +0300
----------------------------------------------------------
Parameters: bodunjo855@gmail.com rootttt          
Function name: auth
Response text: "Failed password"
Date: Sat, 06 May 2017 18:39:51 +0300
----------------------------------------------------------
Parameters: bodunjo855@gmail.com rootttt          
Function name: auth
Response text: "Failed password"
Date: Sat, 06 May 2017 18:39:52 +0300
----------------------------------------------------------
Parameters: bodunjo855@gmail.com rootttt          
Function name: auth
Response text: "Failed password"
Date: Sat, 06 May 2017 18:40:17 +0300
----------------------------------------------------------
Parameters: bodunjo855@gmail.com rootttt          
Function name: auth
Response text: "Failed password"
Date: Sat, 06 May 2017 18:41:03 +0300
----------------------------------------------------------
Parameters: bodunjo855@gmail.com rootttt          
Function name: auth
Response text: "Failed password"
Date: Sat, 06 May 2017 18:41:04 +0300
----------------------------------------------------------
Parameters: bodunjo855@gmail.com rootttt          
Function name: auth
Response text: "Failed password"
Date: Sat, 06 May 2017 18:41:05 +0300
----------------------------------------------------------
Parameters: bodunjo855@gmail.com rootttt          
Function name: auth
Response text: "Failed password"
Date: Sat, 06 May 2017 18:41:06 +0300
----------------------------------------------------------
Parameters: bodunjo855@gmail.com rootttt          
Function name: auth
Response text: "Failed password"
Date: Sat, 06 May 2017 18:41:07 +0300
----------------------------------------------------------
Parameters: bodunjo855@gmail.com rootttt          
Function name: auth
Response text: "Failed password"
Date: Sat, 06 May 2017 18:41:51 +0300
----------------------------------------------------------
Parameters: bodunjo855@gmail.com rootttt1          
Function name: auth
Response text: {"user_id":"1","email":"bodunjo855@gmail.com","email_2":"fsdfsd@mads.ru","phone":"80953866616","password":"rootttt1","name":"Evgeniy","surname":"Stepanchuk","birth_day":"30","birth_month":"09","birth_year":"1996","sex":"1","facebook_id":"","google_id":"","multi_photo":"http:\/\/37.57.92.40\/trustme\/class\/picture\/user_photo\/id6_large.jpeg","mid_photo":"http:\/\/37.57.92.40\/trustme\/class\/picture\/user#_photo\/id6#_medium.jpeg","single_photo":"http:\/\/37.57.92.40\/trustme\/class\/picture\/user#_photo\/id6#_small.jpeg","loc_coords":"","time_zone":"","online_status":"1","reg_date":"0000-00-00 00:00:00","last_visit":"2017-05-06 06:05:16","balance":"0","rate":"0","country":"Ucraine","city":"Dnepro","temp_code":"964490"}
Date: Sat, 06 May 2017 18:42:17 +0300
----------------------------------------------------------
Parameters: bodunjo855@gmail.com rootttt          
Function name: auth
Response text: "Failed password"
Date: Sat, 06 May 2017 18:42:20 +0300
----------------------------------------------------------
Parameters: bodunjo855@gmail.com rootttt          
Function name: auth
Response text: "Failed password"
Date: Sat, 06 May 2017 18:42:20 +0300
----------------------------------------------------------
Parameters: bodunjo855@gmail.com rootttt1          
Function name: auth
Response text: {"user_id":"1","email":"bodunjo855@gmail.com","email_2":"fsdfsd@mads.ru","phone":"80953866616","password":"rootttt1","name":"Evgeniy","surname":"Stepanchuk","birth_day":"30","birth_month":"09","birth_year":"1996","sex":"1","facebook_id":"","google_id":"","multi_photo":"http:\/\/37.57.92.40\/trustme\/class\/picture\/user_photo\/id6_large.jpeg","mid_photo":"http:\/\/37.57.92.40\/trustme\/class\/picture\/user#_photo\/id6#_medium.jpeg","single_photo":"http:\/\/37.57.92.40\/trustme\/class\/picture\/user#_photo\/id6#_small.jpeg","loc_coords":"","time_zone":"","online_status":"1","reg_date":"0000-00-00 00:00:00","last_visit":"2017-05-06 06:05:24","balance":"0","rate":"0","country":"Ucraine","city":"Dnepro","temp_code":"964490"}
Date: Sat, 06 May 2017 18:42:24 +0300
----------------------------------------------------------
Parameters: bodunjo855@gmail.com rootttt          
Function name: auth
Response text: "Failed password"
Date: Sat, 06 May 2017 18:42:29 +0300
----------------------------------------------------------
Parameters: bodunjo855@gmail.com rootttt          
Function name: auth
Response text: "Failed password"
Date: Sat, 06 May 2017 18:42:29 +0300
----------------------------------------------------------
Parameters: bodunjo855@gmail.com rootttt          
Function name: auth
Response text: "Failed password"
Date: Sat, 06 May 2017 18:44:02 +0300
----------------------------------------------------------
Parameters: bodunjo855@gmail.com rootttt          
Function name: auth
Response text: "Failed password"
Date: Sat, 06 May 2017 18:51:47 +0300
----------------------------------------------------------
Parameters: bodunjo855@gmail.com rootttt1          
Function name: auth
Response text: {"user_id":"1","email":"bodunjo855@gmail.com","email_2":"fsdfsd@mads.ru","phone":"80953866616","password":"rootttt1","name":"Evgeniy","surname":"Stepanchuk","birth_day":"30","birth_month":"09","birth_year":"1996","sex":"1","facebook_id":"","google_id":"","multi_photo":"http:\/\/37.57.92.40\/trustme\/class\/picture\/user_photo\/id6_large.jpeg","mid_photo":"http:\/\/37.57.92.40\/trustme\/class\/picture\/user#_photo\/id6#_medium.jpeg","single_photo":"http:\/\/37.57.92.40\/trustme\/class\/picture\/user#_photo\/id6#_small.jpeg","loc_coords":"","time_zone":"","online_status":"1","reg_date":"0000-00-00 00:00:00","last_visit":"2017-05-06 06:05:50","balance":"0","rate":"0","country":"Ucraine","city":"Dnepro","temp_code":"964490"}
Date: Sat, 06 May 2017 18:51:50 +0300
----------------------------------------------------------
Parameters: bodunjo855@gmail.com rootttt1          
Function name: auth
Response text: {"user_id":"1","email":"bodunjo855@gmail.com","email_2":"fsdfsd@mads.ru","phone":"80953866616","password":"rootttt1","name":"Evgeniy","surname":"Stepanchuk","birth_day":"30","birth_month":"09","birth_year":"1996","sex":"1","facebook_id":"","google_id":"","multi_photo":"http:\/\/37.57.92.40\/trustme\/class\/picture\/user_photo\/id6_large.jpeg","mid_photo":"http:\/\/37.57.92.40\/trustme\/class\/picture\/user#_photo\/id6#_medium.jpeg","single_photo":"http:\/\/37.57.92.40\/trustme\/class\/picture\/user#_photo\/id6#_small.jpeg","loc_coords":"","time_zone":"","online_status":"1","reg_date":"0000-00-00 00:00:00","last_visit":"2017-05-06 06:05:29","balance":"0","rate":"0","country":"Ucraine","city":"Dnepro","temp_code":"964490"}
Date: Sat, 06 May 2017 18:56:29 +0300
----------------------------------------------------------
Parameters: bodunjo855@gmail.com rootttt1          
Function name: auth
Response text: {"user_id":"1","email":"bodunjo855@gmail.com","email_2":"fsdfsd@mads.ru","phone":"+380953866616","password":"rootttt1","name":"Evgeniy","surname":"Stepanchuk","birth_day":"30","birth_month":"09","birth_year":"1996","sex":"1","facebook_id":"","google_id":"","multi_photo":"http:\/\/37.57.92.40\/trustme\/class\/picture\/user_photo\/id6_large.jpeg","mid_photo":"http:\/\/37.57.92.40\/trustme\/class\/picture\/user#_photo\/id6#_medium.jpeg","single_photo":"http:\/\/37.57.92.40\/trustme\/class\/picture\/user#_photo\/id6#_small.jpeg","loc_coords":"","time_zone":"","online_status":"1","reg_date":"0000-00-00 00:00:00","last_visit":"2017-05-06 07:05:16","balance":"0","rate":"0","country":"Ucraine","city":"Dnepro","temp_code":"964490"}
Date: Sat, 06 May 2017 19:19:16 +0300
----------------------------------------------------------
Parameters: bodunjo855@gmail.com rootttt1          
Function name: auth
Response text: {"user_id":"1","email":"bodunjo855@gmail.com","email_2":"fsdfsd@mads.ru","phone":"+380953866616","password":"rootttt1","name":"Evgeniy","surname":"Stepanchuk","birth_day":"30","birth_month":"09","birth_year":"1996","sex":"1","facebook_id":"","google_id":"","multi_photo":"http:\/\/37.57.92.40\/trustme\/class\/picture\/user_photo\/id6_large.jpeg","mid_photo":"http:\/\/37.57.92.40\/trustme\/class\/picture\/user#_photo\/id6#_medium.jpeg","single_photo":"http:\/\/37.57.92.40\/trustme\/class\/picture\/user#_photo\/id6#_small.jpeg","loc_coords":"","time_zone":"","online_status":"1","reg_date":"0000-00-00 00:00:00","last_visit":"2017-05-06 07:05:05","balance":"0","rate":"0","country":"Ucraine","city":"Dnepro","temp_code":"964490"}
Date: Sat, 06 May 2017 19:22:05 +0300
----------------------------------------------------------
Parameters: bodunjo855@gmail.com rootttt1          
Function name: auth
Response text: {"user_id":"1","email":"bodunjo855@gmail.com","email_2":"fsdfsd@mads.ru","phone":"+380953866616","password":"rootttt1","name":"Evgeniy","surname":"Stepanchuk","birth_day":"30","birth_month":"09","birth_year":"1996","sex":"1","facebook_id":"","google_id":"","multi_photo":"http:\/\/37.57.92.40\/trustme\/class\/picture\/user_photo\/id6_large.jpeg","mid_photo":"http:\/\/37.57.92.40\/trustme\/class\/picture\/user#_photo\/id6#_medium.jpeg","single_photo":"http:\/\/37.57.92.40\/trustme\/class\/picture\/user#_photo\/id6#_small.jpeg","loc_coords":"","time_zone":"","online_status":"1","reg_date":"0000-00-00 00:00:00","last_visit":"2017-05-06 07:05:59","balance":"0","rate":"0","country":"Ucraine","city":"Dnepro","temp_code":"964490"}
Date: Sat, 06 May 2017 19:27:00 +0300
----------------------------------------------------------
