Parameters: bodunjo855@gmail.com rootttt          
Function name: auth
Response text: "Failed password"
Date: Wed, 10 May 2017 01:59:47 +0300
----------------------------------------------------------
Parameters: bodunjo855@gmail.com           
Function name: forgot_pass
Response text: null
Date: Wed, 10 May 2017 02:00:20 +0300
----------------------------------------------------------
Parameters: bodunjo855@gmail.com           
Function name: forgot_pass
Response text: {"msg":"Email is send"}
Date: Wed, 10 May 2017 02:01:30 +0300
----------------------------------------------------------
Parameters: your@mail.ru           
Function name: forgot_pass
Response text: {"msg":"Email is send"}
Date: Wed, 10 May 2017 02:02:54 +0300
----------------------------------------------------------
Parameters: bodunjo855@gmail.com           
Function name: forgot_pass
Response text: {"msg":"Email is send"}
Date: Wed, 10 May 2017 02:03:08 +0300
----------------------------------------------------------
Parameters: bodunjo855@gmail.com           
Function name: forgot_pass
Response text: {"msg":"Email is send"}
Date: Wed, 10 May 2017 02:03:50 +0300
----------------------------------------------------------
Parameters: bodunjo855@gmail.com           
Function name: forgot_pass
Response text: {"msg":"Email is send"}
Date: Wed, 10 May 2017 02:04:06 +0300
----------------------------------------------------------
Parameters: your@mail.ru           
Function name: forgot_pass
Response text: {"msg":"Email is send"}
Date: Wed, 10 May 2017 08:19:23 +0300
----------------------------------------------------------
Parameters: your@mail.ru           
Function name: forgot_pass
Response text: {"msg":"Email is send"}
Date: Wed, 10 May 2017 09:51:34 +0300
----------------------------------------------------------
Parameters: your@mail.ru           
Function name: forgot_pass
Response text: {"msg":"Email is send"}
Date: Wed, 10 May 2017 09:51:38 +0300
----------------------------------------------------------
Parameters: your@mail.ru           
Function name: forgot_pass
Response text: {"msg":"Email is send"}
Date: Wed, 10 May 2017 09:51:42 +0300
----------------------------------------------------------
Parameters: bodunjo855@gmail.com           
Function name: forgot_pass
Response text: {"msg":"Email is send"}
Date: Wed, 10 May 2017 09:52:00 +0300
----------------------------------------------------------
Parameters:            
Function name: auth
Response text: "null field"
Date: Wed, 10 May 2017 11:20:06 +0300
----------------------------------------------------------
Parameters: 0   
Function name: multi_view_friends
Response text: "NOTHING"
Date: Wed, 10 May 2017 18:12:45 +0300
----------------------------------------------------------
Parameters: 0   
Function name: multi_view_friends
Response text: "NOTHING"
Date: Wed, 10 May 2017 18:12:51 +0300
----------------------------------------------------------
Parameters: bodunjo855@gmail.com rootttt1          
Function name: auth
Response text: {"user_id":"28","email":"bodunjo855@gmail.com","email_2":"fsdfsd@mads.ru","phone":"+380953866616","password":"rootttt1","name":"Evgeniy","surname":"Stepanchuk","birth_day":"30","birth_month":"09","birth_year":"1996","sex":"1","facebook_id":"","google_id":"","multi_photo":"http:\/\/37.57.92.40\/trustme\/class\/picture\/user_photo\/id6_large.jpeg","mid_photo":"http:\/\/37.57.92.40\/trustme\/class\/picture\/user#_photo\/id6#_medium.jpeg","single_photo":"http:\/\/37.57.92.40\/trustme\/class\/picture\/user#_photo\/id6#_small.jpeg","loc_coords":"","time_zone":"","online_status":"1","reg_date":"0000-00-00 00:00:00","last_visit":"2017-05-10 06:05:03","balance":"0","rate":"0","country":"Ucraine","city":"Dnepro","temp_code":"964490"}
Date: Wed, 10 May 2017 18:13:03 +0300
----------------------------------------------------------
Parameters: 28   
Function name: multi_view_users
Response text: [{"user_id":"1","name":"one","surname":"11111111","sex":"1","multi_photo":null,"balance":null,"online_status":null,"rate":null},{"user_id":"2","name":"two","surname":null,"sex":null,"multi_photo":null,"balance":null,"online_status":"0","rate":null},{"user_id":"3","name":"three","surname":"33333333","sex":"0","multi_photo":"http:\/\/37.57.92.40\/trustme\/class\/picture\/user_photo\/id6_large.jpeg","balance":null,"online_status":"1","rate":null},{"user_id":"4","name":"four","surname":null,"sex":null,"multi_photo":"","balance":null,"online_status":"0","rate":null},{"user_id":"5","name":"five","surname":"55555555","sex":"1","multi_photo":"http:\/\/37.57.92.40\/trustme\/class\/picture\/user_photo\/id17_small.jpeg","balance":null,"online_status":"1","rate":null},{"user_id":"6","name":"six","surname":null,"sex":null,"multi_photo":"http:\/\/37.57.92.40\/trustme\/class\/picture\/user_photo\/id17_small.jpeg","balance":null,"online_status":"0","rate":null},{"user_id":"7","name":"seven","surname":null,"sex":null,"multi_photo":null,"balance":null,"online_status":"0","rate":null},{"user_id":"8","name":"eight","surname":null,"sex":null,"multi_photo":null,"balance":null,"online_status":"0","rate":null},{"user_id":"9","name":"nine","surname":null,"sex":null,"multi_photo":null,"balance":null,"online_status":null,"rate":null},{"user_id":"10","name":"ten","surname":null,"sex":null,"multi_photo":null,"balance":null,"online_status":null,"rate":null},{"user_id":"21","name":"Evgeniy","surname":"Stepanchuk","sex":"1","multi_photo":"http:\/\/37.57.92.40\/trustme\/class\/picture\/user_photo\/id6_large.jpeg","balance":null,"online_status":"0","rate":null},{"user_id":"22","name":"someone","surname":null,"sex":null,"multi_photo":"http:\/\/37.57.92.40\/trustme\/class\/picture\/user_photo\/id6_large.jpeg","balance":null,"online_status":"1","rate":null},{"user_id":"23","name":"grishin","surname":"adskaya@ua.fm","sex":"0","multi_photo":"http:\/\/37.57.92.40\/trustme\/class\/picture\/user_photo\/id20_small.jpeg","balance":null,"online_status":"1","rate":null},{"user_id":"24","name":"someone","surname":null,"sex":null,"multi_photo":null,"balance":null,"online_status":"1","rate":null},{"user_id":"25","name":"someone","surname":null,"sex":null,"multi_photo":null,"balance":null,"online_status":"0","rate":null},{"user_id":"26","name":"someone","surname":null,"sex":null,"multi_photo":null,"balance":null,"online_status":null,"rate":null},{"user_id":"27","name":"someone","surname":null,"sex":null,"multi_photo":null,"balance":null,"online_status":null,"rate":null},{"user_id":"29","name":"kalashnyk","surname":"second@gmail.com","sex":"0","multi_photo":"http:\/\/37.57.92.40\/trustme\/class\/picture\/user_photo\/id6_small.jpeg","balance":"0","online_status":"1","rate":"0"}]
Date: Wed, 10 May 2017 18:13:04 +0300
----------------------------------------------------------
Parameters: 28        
Function name: list_my_product
Response text: []
Date: Wed, 10 May 2017 18:13:08 +0300
----------------------------------------------------------
Parameters: 28   
Function name: multi_view_friends
Response text: [{"user_id":"29","name":"kalashnyk","surname":"second@gmail.com","sex":"0","multi_photo":"http:\/\/37.57.92.40\/trustme\/class\/picture\/user_photo\/id6_small.jpeg","balance":"0","online_status":"1","rate":"0"}]
Date: Wed, 10 May 2017 18:13:42 +0300
----------------------------------------------------------
Parameters: 28   
Function name: multi_view_friends
Response text: [{"user_id":"29","name":"kalashnyk","surname":"second@gmail.com","sex":"0","multi_photo":"http:\/\/37.57.92.40\/trustme\/class\/picture\/user_photo\/id6_small.jpeg","balance":"0","online_status":"1","rate":"0"}]
Date: Wed, 10 May 2017 18:13:44 +0300
----------------------------------------------------------
Parameters: 0   
Function name: multi_view_friends
Response text: "NOTHING"
Date: Wed, 10 May 2017 20:03:58 +0300
----------------------------------------------------------
