Parameters: bodunjo855@gmail.com rootttt          
Function name: auth
Response text: "Failed password"
Date: Sat, 13 May 2017 18:54:47 +0200
----------------------------------------------------------
Parameters: bodunjo855@gmail.com rootttt          
Function name: auth
Response text: "Failed password"
Date: Sat, 13 May 2017 19:01:13 +0200
----------------------------------------------------------
Parameters: bodunjo855@gmail.com rootttt          
Function name: auth
Response text: "Failed password"
Date: Sat, 13 May 2017 19:01:17 +0200
----------------------------------------------------------
Parameters: bodunjo855@gmail.com rootttt          
Function name: auth
Response text: "Failed password"
Date: Sat, 13 May 2017 19:01:22 +0200
----------------------------------------------------------
Parameters: bodunjo855@gmail.com rootttt          
Function name: auth
Response text: "Failed password"
Date: Sat, 13 May 2017 19:05:13 +0200
----------------------------------------------------------
Parameters: bodunjo855@gmail.com rootttt          
Function name: auth
Response text: "Failed password"
Date: Sat, 13 May 2017 19:05:15 +0200
----------------------------------------------------------
Parameters: bodunjo855@gmail.com rootttt          
Function name: auth
Response text: "Failed password"
Date: Sat, 13 May 2017 19:05:53 +0200
----------------------------------------------------------
Parameters: bodunjo855@gmail.com rootttt          
Function name: auth
Response text: "Failed password"
Date: Sat, 13 May 2017 19:06:08 +0200
----------------------------------------------------------
Parameters: bodunjo855@gmail.com rootttt          
Function name: auth
Response text: "Failed password"
Date: Sat, 13 May 2017 19:07:07 +0200
----------------------------------------------------------
Parameters: bodunjo855@gmail.com rootttt1          
Function name: auth
Response text: {"user_id":"28","email":"bodunjo855@gmail.com","email_2":"fsdfsd@mads.ru","phone":"+380953866616","password":"rootttt1","name":"Evgeniy","surname":"Stepanchuk","birth_day":"30","birth_month":"09","birth_year":"1996","sex":"1","facebook_id":"","google_id":"","multi_photo":"http:\/\/37.57.92.40\/trustme\/class\/picture\/user_photo\/id6_large.jpeg","mid_photo":"http:\/\/37.57.92.40\/trustme\/class\/picture\/user#_photo\/id6#_medium.jpeg","single_photo":"http:\/\/37.57.92.40\/trustme\/class\/picture\/user#_photo\/id6#_small.jpeg","loc_coords":"","time_zone":"","online_status":"1","reg_date":"0000-00-00 00:00:00","last_visit":"2017-05-13 07:05:11","balance":"0","rate":"0","country":"Ucraine","city":"Dnepro","temp_code":"964490"}
Date: Sat, 13 May 2017 19:07:11 +0200
----------------------------------------------------------
Parameters: bodunjo855@gmail.com rootttt1          
Function name: auth
Response text: {"user_id":"28","email":"bodunjo855@gmail.com","email_2":"fsdfsd@mads.ru","phone":"+380953866616","password":"rootttt1","name":"Evgeniy","surname":"Stepanchuk","birth_day":"30","birth_month":"09","birth_year":"1996","sex":"1","facebook_id":"","google_id":"","multi_photo":"http:\/\/37.57.92.40\/trustme\/class\/picture\/user_photo\/id6_large.jpeg","mid_photo":"http:\/\/37.57.92.40\/trustme\/class\/picture\/user#_photo\/id6#_medium.jpeg","single_photo":"http:\/\/37.57.92.40\/trustme\/class\/picture\/user#_photo\/id6#_small.jpeg","loc_coords":"","time_zone":"","online_status":"1","reg_date":"0000-00-00 00:00:00","last_visit":"2017-05-13 07:05:42","balance":"0","rate":"0","country":"Ucraine","city":"Dnepro","temp_code":"964490"}
Date: Sat, 13 May 2017 19:07:42 +0200
----------------------------------------------------------
Parameters: bodunjo855@gmail.com rootttt          
Function name: auth
Response text: "Failed password"
Date: Sat, 13 May 2017 19:07:49 +0200
----------------------------------------------------------
Parameters: bodunjo855@gmail.com rootttt          
Function name: auth
Response text: "Failed password"
Date: Sat, 13 May 2017 19:08:06 +0200
----------------------------------------------------------
Parameters: bodunjo855@gmail.com rootttt          
Function name: auth
Response text: "Failed password"
Date: Sat, 13 May 2017 19:08:24 +0200
----------------------------------------------------------
Parameters: bodunjo855@gmail.com rootttt          
Function name: auth
Response text: "Failed password"
Date: Sat, 13 May 2017 19:08:56 +0200
----------------------------------------------------------
Parameters: bodunjo855@gmail.com rootttt1          
Function name: auth
Response text: {"user_id":"28","email":"bodunjo855@gmail.com","email_2":"fsdfsd@mads.ru","phone":"+380953866616","password":"rootttt1","name":"Evgeniy","surname":"Stepanchuk","birth_day":"30","birth_month":"09","birth_year":"1996","sex":"1","facebook_id":"","google_id":"","multi_photo":"http:\/\/37.57.92.40\/trustme\/class\/picture\/user_photo\/id6_large.jpeg","mid_photo":"http:\/\/37.57.92.40\/trustme\/class\/picture\/user#_photo\/id6#_medium.jpeg","single_photo":"http:\/\/37.57.92.40\/trustme\/class\/picture\/user#_photo\/id6#_small.jpeg","loc_coords":"","time_zone":"","online_status":"1","reg_date":"0000-00-00 00:00:00","last_visit":"2017-05-13 07:05:40","balance":"0","rate":"0","country":"Ucraine","city":"Dnepro","temp_code":"964490"}
Date: Sat, 13 May 2017 19:09:40 +0200
----------------------------------------------------------
Parameters: bodunjo855@gmail.com rootttt1          
Function name: auth
Response text: {"user_id":"28","email":"bodunjo855@gmail.com","email_2":"fsdfsd@mads.ru","phone":"+380953866616","password":"rootttt1","name":"Evgeniy","surname":"Stepanchuk","birth_day":"30","birth_month":"09","birth_year":"1996","sex":"1","facebook_id":"","google_id":"","multi_photo":"http:\/\/37.57.92.40\/trustme\/class\/picture\/user_photo\/id6_large.jpeg","mid_photo":"http:\/\/37.57.92.40\/trustme\/class\/picture\/user#_photo\/id6#_medium.jpeg","single_photo":"http:\/\/37.57.92.40\/trustme\/class\/picture\/user#_photo\/id6#_small.jpeg","loc_coords":"","time_zone":"","online_status":"1","reg_date":"0000-00-00 00:00:00","last_visit":"2017-05-13 07:05:45","balance":"0","rate":"0","country":"Ucraine","city":"Dnepro","temp_code":"964490"}
Date: Sat, 13 May 2017 19:09:45 +0200
----------------------------------------------------------
Parameters: bodunjo855@gmail.com rootttt          
Function name: auth
Response text: "Failed password"
Date: Sat, 13 May 2017 19:39:26 +0200
----------------------------------------------------------
Parameters: bodunjo855@gmail.com rootttt1          
Function name: auth
Response text: {"user_id":"28","email":"bodunjo855@gmail.com","email_2":"fsdfsd@mads.ru","phone":"+380953866616","password":"rootttt1","name":"Evgeniy","surname":"Stepanchuk","birth_day":"30","birth_month":"09","birth_year":"1996","sex":"1","facebook_id":"","google_id":"","multi_photo":"http:\/\/37.57.92.40\/trustme\/class\/picture\/user_photo\/id6_large.jpeg","mid_photo":"http:\/\/37.57.92.40\/trustme\/class\/picture\/user#_photo\/id6#_medium.jpeg","single_photo":"http:\/\/37.57.92.40\/trustme\/class\/picture\/user#_photo\/id6#_small.jpeg","loc_coords":"","time_zone":"","online_status":"1","reg_date":"0000-00-00 00:00:00","last_visit":"2017-05-13 07:05:32","balance":"0","rate":"0","country":"Ucraine","city":"Dnepro","temp_code":"964490"}
Date: Sat, 13 May 2017 19:39:32 +0200
----------------------------------------------------------
